[LOG] Program Started
[LOG] Initializing Winsock
[LOG] Creating Socket
[LOG] Network started
[LOG] network::receiveData() called
[LOG] simulating network traffic
[LOG] network::sendData() called
[LOG] network::receiveData() called
[LOG] network::sendData() called
[LOG] network::receiveData() called
[LOG] network::sendData() called
[LOG] network::receiveData() called
[LOG] network::sendData() called
[LOG] network::receiveData() called
[LOG] network::sendData() called
[LOG] network::receiveData() called
[LOG] network::sendData() called
[LOG] network::receiveData() called
[LOG] network::sendData() called
[LOG] network::receiveData() called
[LOG] network::sendData() called
[LOG] network::receiveData() called
[LOG] network::sendData() called
[LOG] network::receiveData() called
[LOG] network::sendData() called
[LOG] network::receiveData() called
[LOG] network::sendData() called
[LOG] network::receiveData() called
[LOG] network::sendData() called
[LOG] network::receiveData() called
[LOG] network::sendData() called
[LOG] network::receiveData() called
[LOG] network::sendData() called
[LOG] network::receiveData() called
[LOG] network::sendData() called
[LOG] network::receiveData() called
[LOG] network::sendData() called
[LOG] network::receiveData() called
[LOG] network::sendData() called
[LOG] network::receiveData() called
[LOG] network::sendData() called
[LOG] network::receiveData() called
[LOG] network::sendData() called
[LOG] network::receiveData() called
[LOG] network::sendData() called
[LOG] network::receiveData() called
[LOG] network::sendData() called
[LOG] network::receiveData() called
[LOG] network::sendData() called
[LOG] network::receiveData() called
[LOG] network::sendData() called
[LOG] network::receiveData() called
[LOG] network::sendData() called
[LOG] network::receiveData() called
[LOG] network::sendData() called
[LOG] network::receiveData() called
[LOG] network::sendData() called
[LOG] network::receiveData() called
[LOG] network::sendData() called
[LOG] network::receiveData() called
[LOG] network::sendData() called
[LOG] network::receiveData() called
[LOG] network::sendData() called
[LOG] network::receiveData() called
[LOG] network::sendData() called
[LOG] network::receiveData() called
[LOG] network::sendData() called
[LOG] network::receiveData() called
[LOG] network::sendData() called
[LOG] network::receiveData() called
[LOG] network::sendData() called
[LOG] network::receiveData() called
[LOG] network::sendData() called
[LOG] network::receiveData() called
[LOG] network::sendData() called
[LOG] network::receiveData() called
[LOG] network::sendData() called
[LOG] network::receiveData() called
[LOG] network::sendData() called
[LOG] network::receiveData() called
[LOG] network::sendData() called
[LOG] network::receiveData() called
[LOG] network::sendData() called
[LOG] network::receiveData() called
[LOG] network::sendData() called
[LOG] network::receiveData() called
[LOG] network::sendData() called
[LOG] network::receiveData() called
[LOG] network::sendData() called
[LOG] network::receiveData() called
[LOG] network::sendData() called
[LOG] network::receiveData() called
[LOG] network::sendData() called
[LOG] network::receiveData() called
[LOG] network::sendData() called
[LOG] network::receiveData() called
[LOG] network::sendData() called
[LOG] network::receiveData() called
[LOG] network::sendData() called
[LOG] network::receiveData() called
[LOG] network::sendData() called
[LOG] network::receiveData() called
[LOG] network::sendData() called
[LOG] network::receiveData() called
[LOG] network::sendData() called
[LOG] network::receiveData() called
[LOG] network::sendData() called
[LOG] network::receiveData() called
[LOG] network::sendData() called
[LOG] network::receiveData() called
[LOG] network::sendData() called
[LOG] network::receiveData() called
[LOG] network::sendData() called
[LOG] network::receiveData() called
[LOG] network::sendData() called
[LOG] network::receiveData() called
[LOG] network::sendData() called
[LOG] network::receiveData() called
[LOG] network::sendData() called
[LOG] network::receiveData() called
[LOG] network::sendData() called
[LOG] network::receiveData() called
[LOG] network::sendData() called
[LOG] network::receiveData() called
[LOG] network::sendData() called
[LOG] network::receiveData() called
[LOG] Program Started
[LOG] Initializing Winsock
[LOG] Creating Socket
[LOG] Network started
[LOG] network::receiveData() called
[LOG] simulating network traffic
[LOG] network::sendData() called
[LOG] network::receiveData() called
[LOG] network::sendData() called
[LOG] network::receiveData() called
[LOG] network::sendData() called
[LOG] network::receiveData() called
[LOG] network::sendData() called
[LOG] network::receiveData() called
[LOG] network::sendData() called
[LOG] network::receiveData() called
[LOG] network::sendData() called
[LOG] network::receiveData() called
[LOG] network::sendData() called
[LOG] network::receiveData() called
[LOG] network::sendData() called
[LOG] network::receiveData() called
[LOG] network::sendData() called
[LOG] network::receiveData() called
[LOG] network::sendData() called
[LOG] network::receiveData() called
[LOG] network::sendData() called
[LOG] network::receiveData() called
[LOG] network::sendData() called
[LOG] network::receiveData() called
[LOG] network::sendData() called
[LOG] network::receiveData() called
[LOG] network::sendData() called
[LOG] network::receiveData() called
[LOG] network::sendData() called
[LOG] network::receiveData() called
[LOG] network::sendData() called
[LOG] network::receiveData() called
[LOG] network::sendData() called
[LOG] network::receiveData() called
[LOG] network::sendData() called
[LOG] network::receiveData() called
[LOG] network::sendData() called
[LOG] network::receiveData() called
[LOG] network::sendData() called
[LOG] network::receiveData() called
[LOG] network::sendData() called
[LOG] network::receiveData() called
[LOG] network::sendData() called
[LOG] network::receiveData() called
[LOG] network::sendData() called
[LOG] network::receiveData() called
[LOG] network::sendData() called
[LOG] network::receiveData() called
[LOG] network::sendData() called
[LOG] network::receiveData() called
[LOG] network::sendData() called
[LOG] network::receiveData() called
[LOG] network::sendData() called
[LOG] network::receiveData() called
[LOG] network::sendData() called
[LOG] network::receiveData() called
[LOG] network::sendData() called
[LOG] network::receiveData() called
[LOG] network::sendData() called
[LOG] network::receiveData() called
[LOG] network::sendData() called
[LOG] network::receiveData() called
[LOG] network::sendData() called
[LOG] network::receiveData() called
[LOG] network::sendData() called
[LOG] network::receiveData() called
[LOG] network::sendData() called
[LOG] network::receiveData() called
[LOG] network::sendData() called
[LOG] network::receiveData() called
[LOG] network::sendData() called
[LOG] network::receiveData() called
